Watching for file changes with StatReloader
"GET /current-user-info/ HTTP/1.1" 200 28
"GET /travel-packages/4/ HTTP/1.1" 200 746
Bad Request: /create-booking/
"POST /create-booking/ HTTP/1.1" 400 24
"GET /current-user-info/ HTTP/1.1" 200 28
"GET /travel-packages/4/ HTTP/1.1" 200 746
"GET /current-user-info/ HTTP/1.1" 200 28
"GET /travel-packages/4/ HTTP/1.1" 200 746
"GET /travel-packages/ HTTP/1.1" 200 2415
"GET /travel-packages/4/ HTTP/1.1" 200 746
"GET /travel-packages/4/ HTTP/1.1" 200 746
"GET /current-user-info/ HTTP/1.1" 200 28
"GET /travel-packages/4/ HTTP/1.1" 200 746
Bad Request: /create-booking/
"POST /create-booking/ HTTP/1.1" 400 24
- Broken pipe from ('127.0.0.1', 51866)
- Broken pipe from ('127.0.0.1', 51867)
"GET /travel-packages/ HTTP/1.1" 200 2415
"GET /current-user-info/ HTTP/1.1" 200 28
"GET /travel-packages/4/ HTTP/1.1" 200 746
Bad Request: /create-booking/
"POST /create-booking/ HTTP/1.1" 400 24
"GET /current-user-info/ HTTP/1.1" 200 28
"GET /travel-packages/4/ HTTP/1.1" 200 746
"GET /current-user-info/ HTTP/1.1" 200 28
"GET /travel-packages/4/ HTTP/1.1" 200 746
Bad Request: /create-booking/
"POST /create-booking/ HTTP/1.1" 400 24
"GET /current-user-info/ HTTP/1.1" 200 28
"GET /travel-packages/4/ HTTP/1.1" 200 746
Bad Request: /create-booking/
"POST /create-booking/ HTTP/1.1" 400 24
"GET /current-user-info/ HTTP/1.1" 200 28
"GET /travel-packages/4/ HTTP/1.1" 200 746
"GET /current-user-info/ HTTP/1.1" 200 28
"GET /travel-packages/4/ HTTP/1.1" 200 746
"GET /current-user-info/ HTTP/1.1" 200 28
"GET /travel-packages/4/ HTTP/1.1" 200 746
"GET /travel-packages/4/ HTTP/1.1" 200 746
"GET /current-user-info/ HTTP/1.1" 200 28
"GET /current-user-info/ HTTP/1.1" 200 28
"GET /travel-packages/4/ HTTP/1.1" 200 746
"GET /current-user-info/ HTTP/1.1" 200 28
"GET /travel-packages/4/ HTTP/1.1" 200 746
"GET /current-user-info/ HTTP/1.1" 200 28
"GET /current-user-info/ HTTP/1.1" 200 28
"GET /current-user-info/ HTTP/1.1" 200 28
"GET /travel-packages/4/ HTTP/1.1" 200 746
"GET /current-user-info/ HTTP/1.1" 200 28
"GET /current-user-info/ HTTP/1.1" 200 28
"GET /travel-packages/4/ HTTP/1.1" 200 746
"GET /current-user-info/ HTTP/1.1" 200 28
"GET /travel-packages/4/ HTTP/1.1" 200 746
"GET /current-user-info/ HTTP/1.1" 200 28
"GET /travel-packages/4/ HTTP/1.1" 200 746
C:\Users\p3pio\PycharmProjects\latest\CodingDirections\travelAgencyApi\views.py changed, reloading.
Watching for file changes with StatReloader
C:\Users\p3pio\PycharmProjects\latest\CodingDirections\travelAgencyApi\views.py changed, reloading.
Watching for file changes with StatReloader
C:\Users\p3pio\PycharmProjects\latest\CodingDirections\travelAgencyApi\views.py changed, reloading.
Watching for file changes with StatReloader
C:\Users\p3pio\PycharmProjects\latest\CodingDirections\travelAgencyApi\views.py changed, reloading.
Watching for file changes with StatReloader
"GET /travel-packages/4/ HTTP/1.1" 200 746
Internal Server Error: /current-user-info/
Traceback (most recent call last):
  File "C:\Users\p3pio\AppData\Roaming\Python\Python311\site-packages\django\core\handlers\exception.py", line 55, in inner
    response = get_response(request)
               ^^^^^^^^^^^^^^^^^^^^^
  File "C:\Users\p3pio\AppData\Roaming\Python\Python311\site-packages\django\core\handlers\base.py", line 220, in _get_response
    response = response.render()
               ^^^^^^^^^^^^^^^^^
  File "C:\Users\p3pio\AppData\Roaming\Python\Python311\site-packages\django\template\response.py", line 114, in render
    self.content = self.rendered_content
                   ^^^^^^^^^^^^^^^^^^^^^
  File "C:\Users\p3pio\AppData\Roaming\Python\Python311\site-packages\rest_framework\response.py", line 55, in rendered_content
    assert renderer, ".accepted_renderer not set on Response"
AssertionError: .accepted_renderer not set on Response
"GET /current-user-info/ HTTP/1.1" 500 69648
Internal Server Error: /current-user-info/
Traceback (most recent call last):
  File "C:\Users\p3pio\AppData\Roaming\Python\Python311\site-packages\django\core\handlers\exception.py", line 55, in inner
    response = get_response(request)
               ^^^^^^^^^^^^^^^^^^^^^
  File "C:\Users\p3pio\AppData\Roaming\Python\Python311\site-packages\django\core\handlers\base.py", line 220, in _get_response
    response = response.render()
               ^^^^^^^^^^^^^^^^^
  File "C:\Users\p3pio\AppData\Roaming\Python\Python311\site-packages\django\template\response.py", line 114, in render
    self.content = self.rendered_content
                   ^^^^^^^^^^^^^^^^^^^^^
  File "C:\Users\p3pio\AppData\Roaming\Python\Python311\site-packages\rest_framework\response.py", line 55, in rendered_content
    assert renderer, ".accepted_renderer not set on Response"
AssertionError: .accepted_renderer not set on Response
"GET /current-user-info/ HTTP/1.1" 500 70887
C:\Users\p3pio\PycharmProjects\latest\CodingDirections\travelAgencyApi\views.py changed, reloading.
Watching for file changes with StatReloader
"GET /current-user-info/ HTTP/1.1" 200 28
"GET /travel-packages/4/ HTTP/1.1" 200 746
"GET /current-user-info/ HTTP/1.1" 200 28
"GET /travel-packages/4/ HTTP/1.1" 200 746
"GET /current-user-info/ HTTP/1.1" 200 28
"GET /travel-packages/4/ HTTP/1.1" 200 746
"GET /travel-packages/ HTTP/1.1" 200 2415
"OPTIONS /travel-packages/1/ HTTP/1.1" 200 0
"OPTIONS /travel-packages/1/ HTTP/1.1" 200 0
"GET /travel-packages/1/ HTTP/1.1" 200 747
"GET /travel-packages/1/ HTTP/1.1" 200 747
"GET /current-user-info/ HTTP/1.1" 200 28
"GET /travel-packages/1/ HTTP/1.1" 200 747
"GET /current-user-info/ HTTP/1.1" 200 28
"GET /travel-packages/1/ HTTP/1.1" 200 747
Bad Request: /create-booking/
"POST /create-booking/ HTTP/1.1" 400 24
Bad Request: /create-booking/
"POST /create-booking/ HTTP/1.1" 400 24
Watching for file changes with StatReloader
Bad Request: /create-booking/
"POST /create-booking/ HTTP/1.1" 400 24
"GET /travel-packages/ HTTP/1.1" 200 2415
"OPTIONS /travel-packages/3/ HTTP/1.1" 200 0
"OPTIONS /travel-packages/3/ HTTP/1.1" 200 0
"GET /travel-packages/3/ HTTP/1.1" 200 486
"GET /travel-packages/3/ HTTP/1.1" 200 486
"GET /current-user-info/ HTTP/1.1" 200 28
"GET /travel-packages/3/ HTTP/1.1" 200 486
Bad Request: /create-booking/
"POST /create-booking/ HTTP/1.1" 400 24
"GET /current-user-info/ HTTP/1.1" 200 28
"GET /travel-packages/3/ HTTP/1.1" 200 486
Method Not Allowed: /create-booking/
"GET /create-booking/ HTTP/1.1" 405 10854
Method Not Allowed (GET): /api-auth/logout/
Method Not Allowed: /api-auth/logout/
"GET /api-auth/logout/?next=/create-booking/ HTTP/1.1" 405 0
Method Not Allowed (GET): /api-auth/logout/
Method Not Allowed: /api-auth/logout/
"GET /api-auth/logout/?next=/create-booking/ HTTP/1.1" 405 0
"GET / HTTP/1.1" 200 10950
Method Not Allowed (GET): /api-auth/logout/
Method Not Allowed: /api-auth/logout/
"GET /api-auth/logout/?next=/ HTTP/1.1" 405 0
Method Not Allowed (GET): /api-auth/logout/
Method Not Allowed: /api-auth/logout/
"GET /api-auth/logout/?next=/ HTTP/1.1" 405 0
C:\Users\p3pio\PycharmProjects\latest\CodingDirections\travelAgencyApi\views.py changed, reloading.
Watching for file changes with StatReloader
Watching for file changes with StatReloader
"GET / HTTP/1.1" 200 10950
"GET /current-user-info/ HTTP/1.1" 200 28
"GET /travel-packages/3/ HTTP/1.1" 200 486
"GET /current-user-info/ HTTP/1.1" 200 28
"GET /travel-packages/3/ HTTP/1.1" 200 486
"GET /current-user-info/ HTTP/1.1" 200 28
"GET /travel-packages/3/ HTTP/1.1" 200 486
"GET /admin/login/?next=/admin/ HTTP/1.1" 302 0
"GET /admin/ HTTP/1.1" 200 11814
"GET /static/admin/img/icon-deletelink.svg HTTP/1.1" 304 0
"GET /admin/auth/group/ HTTP/1.1" 200 9445
"GET /admin/jsi18n/ HTTP/1.1" 200 3342
"GET /static/admin/img/search.svg HTTP/1.1" 200 458
"GET /admin/ HTTP/1.1" 200 11814
"GET /current-user-info/ HTTP/1.1" 200 28
"GET /travel-packages/3/ HTTP/1.1" 200 486
"GET / HTTP/1.1" 200 10950
Method Not Allowed: /create-booking/
"GET /create-booking/ HTTP/1.1" 405 10854
Not Found: /create-user-info/
"GET /create-user-info/ HTTP/1.1" 404 7098
"GET /current-user-info/ HTTP/1.1" 200 31
"GET /current-user-info/ HTTP/1.1" 200 31
"GET /current-user-info/ HTTP/1.1" 200 31
"GET /current-user-info/ HTTP/1.1" 200 31
"GET /current-user-info/ HTTP/1.1" 200 28
"GET /travel-packages/3/ HTTP/1.1" 200 486
"OPTIONS /create-booking/ HTTP/1.1" 200 0
Bad Request: /create-booking/
"POST /create-booking/ HTTP/1.1" 400 24
Bad Request: /create-booking/
"POST /create-booking/ HTTP/1.1" 400 24
Watching for file changes with StatReloader
"GET / HTTP/1.1" 200 11097
"GET /static/rest_framework/css/bootstrap.min.css.map HTTP/1.1" 200 540434
"GET /booking-agent/ HTTP/1.1" 200 14133
"POST /booking-agent/ HTTP/1.1" 201 14249
"POST /booking-agent/ HTTP/1.1" 201 14247
Method Not Allowed: /create-booking/
"GET /create-booking/ HTTP/1.1" 405 10854
Method Not Allowed: /create-booking/
"GET /create-booking/ HTTP/1.1" 405 10854
Bad Request: /create-booking/
"POST /create-booking/ HTTP/1.1" 400 10822
"GET / HTTP/1.1" 200 11097
"GET /booking-agent/ HTTP/1.1" 200 14370
"GET / HTTP/1.1" 200 11097
Method Not Allowed: /create-booking/
"GET /create-booking/ HTTP/1.1" 405 10854
Method Not Allowed: /create-booking/
"GET /create-booking/ HTTP/1.1" 405 10854
Bad Request: /create-booking/
"POST /create-booking/ HTTP/1.1" 400 10822
C:\Users\p3pio\PycharmProjects\latest\CodingDirections\travelAgencyApi\views.py changed, reloading.
Watching for file changes with StatReloader
Bad Request: /create-booking/
"POST /create-booking/ HTTP/1.1" 400 10833
C:\Users\p3pio\PycharmProjects\latest\CodingDirections\travelAgencyApi\views.py changed, reloading.
Watching for file changes with StatReloader
C:\Users\p3pio\PycharmProjects\latest\CodingDirections\travelAgencyApi\views.py changed, reloading.
Watching for file changes with StatReloader
"POST /create-booking/ HTTP/1.1" 201 12460
C:\Users\p3pio\PycharmProjects\latest\CodingDirections\travelAgencyApi\views.py changed, reloading.
Watching for file changes with StatReloader
C:\Users\p3pio\PycharmProjects\latest\CodingDirections\travelAgencyApi\views.py changed, reloading.
Watching for file changes with StatReloader
"POST /create-booking/ HTTP/1.1" 201 12197
"GET /travel-packages/3/ HTTP/1.1" 200 486
"GET /current-user-info/ HTTP/1.1" 200 28
C:\Users\p3pio\PycharmProjects\latest\CodingDirections\travelAgencyApi\views.py changed, reloading.
Watching for file changes with StatReloader
C:\Users\p3pio\PycharmProjects\latest\CodingDirections\travelAgencyApi\views.py changed, reloading.
Watching for file changes with StatReloader
C:\Users\p3pio\PycharmProjects\latest\CodingDirections\travelAgencyApi\views.py changed, reloading.
Watching for file changes with StatReloader
C:\Users\p3pio\PycharmProjects\latest\CodingDirections\travelAgencyApi\views.py changed, reloading.
Watching for file changes with StatReloader
"GET /current-user-info/ HTTP/1.1" 200 28
"GET /travel-packages/3/ HTTP/1.1" 200 486
C:\Users\p3pio\PycharmProjects\latest\CodingDirections\travelAgencyApi\models.py changed, reloading.
Watching for file changes with StatReloader
C:\Users\p3pio\PycharmProjects\latest\CodingDirections\travelAgencyApi\views.py changed, reloading.
Watching for file changes with StatReloader
C:\Users\p3pio\PycharmProjects\latest\CodingDirections\travelAgencyApi\views.py changed, reloading.
Watching for file changes with StatReloader
C:\Users\p3pio\PycharmProjects\latest\CodingDirections\travelAgencyApi\views.py changed, reloading.
Watching for file changes with StatReloader
C:\Users\p3pio\PycharmProjects\latest\CodingDirections\travelAgencyApi\views.py changed, reloading.
Watching for file changes with StatReloader
C:\Users\p3pio\PycharmProjects\latest\CodingDirections\travelAgencyApi\views.py changed, reloading.
Watching for file changes with StatReloader
C:\Users\p3pio\PycharmProjects\latest\CodingDirections\travelAgencyApi\views.py changed, reloading.
Watching for file changes with StatReloader
C:\Users\p3pio\PycharmProjects\latest\CodingDirections\CodingDirections\urls.py changed, reloading.
Watching for file changes with StatReloader
"GET / HTTP/1.1" 200 11097
"GET /customerBookings/ HTTP/1.1" 200 20871
"GET /travel-packages/3/ HTTP/1.1" 200 486
"GET /current-user-info/ HTTP/1.1" 200 28
"GET /customerBookings/ HTTP/1.1" 200 20871
"GET /current-user-info/ HTTP/1.1" 200 31
- Broken pipe from ('127.0.0.1', 53693)
- Broken pipe from ('127.0.0.1', 53692)
C:\Users\p3pio\PycharmProjects\latest\CodingDirections\travelAgencyApi\views.py changed, reloading.
Watching for file changes with StatReloader
C:\Users\p3pio\PycharmProjects\latest\CodingDirections\travelAgencyApi\views.py changed, reloading.
Watching for file changes with StatReloader
"GET / HTTP/1.1" 200 11097
C:\Users\p3pio\PycharmProjects\latest\CodingDirections\CodingDirections\urls.py changed, reloading.
Watching for file changes with StatReloader
C:\Users\p3pio\PycharmProjects\latest\CodingDirections\CodingDirections\urls.py changed, reloading.
Watching for file changes with StatReloader
"GET /booking-details/ HTTP/1.1" 200 25425
"GET /booking-details HTTP/1.1" 301 0
"GET /booking-details/ HTTP/1.1" 200 25425
Method Not Allowed: /create-booking/
"GET /create-booking/ HTTP/1.1" 405 10854
Method Not Allowed: /create-booking/
"GET /create-booking/ HTTP/1.1" 405 10854
"POST /create-booking/ HTTP/1.1" 201 13218
"GET / HTTP/1.1" 200 11097
"OPTIONS /travel-packages/ HTTP/1.1" 200 0
"GET /travel-packages/ HTTP/1.1" 200 2415
"OPTIONS /travel-packages/1/ HTTP/1.1" 200 0
"OPTIONS /travel-packages/1/ HTTP/1.1" 200 0
"GET /travel-packages/1/ HTTP/1.1" 200 747
"GET /travel-packages/1/ HTTP/1.1" 200 747
"GET /current-user-info/ HTTP/1.1" 200 28
"GET /travel-packages/1/ HTTP/1.1" 200 747
"OPTIONS /create-booking/ HTTP/1.1" 200 0
Bad Request: /create-booking/
"POST /create-booking/ HTTP/1.1" 400 24
"GET /travel-packages/ HTTP/1.1" 200 2415
"GET /travel-packages/ HTTP/1.1" 200 2415
C:\Users\p3pio\PycharmProjects\latest\CodingDirections\travelAgencyApi\views.py changed, reloading.
Watching for file changes with StatReloader
C:\Users\p3pio\PycharmProjects\latest\CodingDirections\travelAgencyApi\views.py changed, reloading.
Watching for file changes with StatReloader
C:\Users\p3pio\PycharmProjects\latest\CodingDirections\travelAgencyApi\models.py changed, reloading.
Watching for file changes with StatReloader
C:\Users\p3pio\PycharmProjects\latest\CodingDirections\travelAgencyApi\models.py changed, reloading.
Watching for file changes with StatReloader
C:\Users\p3pio\PycharmProjects\latest\CodingDirections\travelAgencyApi\models.py changed, reloading.
Watching for file changes with StatReloader
C:\Users\p3pio\PycharmProjects\latest\CodingDirections\travelAgencyApi\models.py changed, reloading.
Watching for file changes with StatReloader
C:\Users\p3pio\PycharmProjects\latest\CodingDirections\travelAgencyApi\models.py changed, reloading.
Watching for file changes with StatReloader
C:\Users\p3pio\PycharmProjects\latest\CodingDirections\travelAgencyApi\models.py changed, reloading.
Watching for file changes with StatReloader
C:\Users\p3pio\PycharmProjects\latest\CodingDirections\travelAgencyApi\models.py changed, reloading.
Watching for file changes with StatReloader
C:\Users\p3pio\PycharmProjects\latest\CodingDirections\travelAgencyApi\serializers.py changed, reloading.
Watching for file changes with StatReloader
C:\Users\p3pio\PycharmProjects\latest\CodingDirections\travelAgencyApi\serializers.py changed, reloading.
Watching for file changes with StatReloader
C:\Users\p3pio\PycharmProjects\latest\CodingDirections\travelAgencyApi\views.py changed, reloading.
Watching for file changes with StatReloader
C:\Users\p3pio\PycharmProjects\latest\CodingDirections\travelAgencyApi\views.py changed, reloading.
Watching for file changes with StatReloader
C:\Users\p3pio\PycharmProjects\latest\CodingDirections\travelAgencyApi\views.py changed, reloading.
Watching for file changes with StatReloader
C:\Users\p3pio\PycharmProjects\latest\CodingDirections\travelAgencyApi\views.py changed, reloading.
Watching for file changes with StatReloader
C:\Users\p3pio\PycharmProjects\latest\CodingDirections\travelAgencyApi\views.py changed, reloading.
Watching for file changes with StatReloader
C:\Users\p3pio\PycharmProjects\latest\CodingDirections\travelAgencyApi\views.py changed, reloading.
Watching for file changes with StatReloader
C:\Users\p3pio\PycharmProjects\latest\CodingDirections\travelAgencyApi\views.py changed, reloading.
Watching for file changes with StatReloader
C:\Users\p3pio\PycharmProjects\latest\CodingDirections\travelAgencyApi\views.py changed, reloading.
Watching for file changes with StatReloader
C:\Users\p3pio\PycharmProjects\latest\CodingDirections\travelAgencyApi\views.py changed, reloading.
Watching for file changes with StatReloader
C:\Users\p3pio\PycharmProjects\latest\CodingDirections\travelAgencyApi\views.py changed, reloading.
Watching for file changes with StatReloader
C:\Users\p3pio\PycharmProjects\latest\CodingDirections\travelAgencyApi\views.py changed, reloading.
Watching for file changes with StatReloader
C:\Users\p3pio\PycharmProjects\latest\CodingDirections\travelAgencyApi\views.py changed, reloading.
Watching for file changes with StatReloader
C:\Users\p3pio\PycharmProjects\latest\CodingDirections\travelAgencyApi\views.py changed, reloading.
Watching for file changes with StatReloader
C:\Users\p3pio\PycharmProjects\latest\CodingDirections\travelAgencyApi\views.py changed, reloading.
Watching for file changes with StatReloader
C:\Users\p3pio\PycharmProjects\latest\CodingDirections\travelAgencyApi\views.py changed, reloading.
Watching for file changes with StatReloader
C:\Users\p3pio\PycharmProjects\latest\CodingDirections\travelAgencyApi\views.py changed, reloading.
Watching for file changes with StatReloader
C:\Users\p3pio\PycharmProjects\latest\CodingDirections\travelAgencyApi\views.py changed, reloading.
Watching for file changes with StatReloader
C:\Users\p3pio\PycharmProjects\latest\CodingDirections\travelAgencyApi\views.py changed, reloading.
Watching for file changes with StatReloader
C:\Users\p3pio\PycharmProjects\latest\CodingDirections\travelAgencyApi\views.py changed, reloading.
Watching for file changes with StatReloader
C:\Users\p3pio\PycharmProjects\latest\CodingDirections\travelAgencyApi\views.py changed, reloading.
Watching for file changes with StatReloader
C:\Users\p3pio\PycharmProjects\latest\CodingDirections\travelAgencyApi\views.py changed, reloading.
Watching for file changes with StatReloader
C:\Users\p3pio\PycharmProjects\latest\CodingDirections\travelAgencyApi\views.py changed, reloading.
Watching for file changes with StatReloader
C:\Users\p3pio\PycharmProjects\latest\CodingDirections\travelAgencyApi\views.py changed, reloading.
Watching for file changes with StatReloader
C:\Users\p3pio\PycharmProjects\latest\CodingDirections\travelAgencyApi\views.py changed, reloading.
Watching for file changes with StatReloader
C:\Users\p3pio\PycharmProjects\latest\CodingDirections\travelAgencyApi\views.py changed, reloading.
Watching for file changes with StatReloader
C:\Users\p3pio\PycharmProjects\latest\CodingDirections\travelAgencyApi\views.py changed, reloading.
Watching for file changes with StatReloader
C:\Users\p3pio\PycharmProjects\latest\CodingDirections\travelAgencyApi\views.py changed, reloading.
Watching for file changes with StatReloader
C:\Users\p3pio\PycharmProjects\latest\CodingDirections\travelAgencyApi\serializers.py changed, reloading.
Watching for file changes with StatReloader
C:\Users\p3pio\PycharmProjects\latest\CodingDirections\travelAgencyApi\serializers.py changed, reloading.
Watching for file changes with StatReloader
C:\Users\p3pio\PycharmProjects\latest\CodingDirections\travelAgencyApi\views.py changed, reloading.
Watching for file changes with StatReloader
"GET / HTTP/1.1" 200 11097
"GET /static/rest_framework/css/bootstrap.min.css HTTP/1.1" 304 0
"GET /static/rest_framework/css/bootstrap-tweaks.css HTTP/1.1" 304 0
"GET /static/rest_framework/css/prettify.css HTTP/1.1" 304 0
"GET /static/rest_framework/js/jquery-3.5.1.min.js HTTP/1.1" 304 0
"GET /static/rest_framework/js/bootstrap.min.js HTTP/1.1" 304 0
"GET /static/rest_framework/js/default.js HTTP/1.1" 304 0
"GET /static/rest_framework/js/ajax-form.js HTTP/1.1" 304 0
"GET /static/rest_framework/css/default.css HTTP/1.1" 304 0
"GET /static/rest_framework/js/csrf.js HTTP/1.1" 304 0
"GET /static/rest_framework/js/prettify-min.js HTTP/1.1" 304 0
"GET /static/rest_framework/img/grid.png HTTP/1.1" 304 0
"GET /customerBookings/ HTTP/1.1" 200 26378
Internal Server Error: /customerBookings/20/
Traceback (most recent call last):
  File "C:\Users\p3pio\AppData\Roaming\Python\Python311\site-packages\django\core\handlers\exception.py", line 55, in inner
    response = get_response(request)
               ^^^^^^^^^^^^^^^^^^^^^
  File "C:\Users\p3pio\AppData\Roaming\Python\Python311\site-packages\django\core\handlers\base.py", line 197, in _get_response
    response = wrapped_callback(request, *callback_args, **callback_kwargs)
               ^^^^^^^^^^^^^^^^^^^^^^^^^^^^^^^^^^^^^^^^^^^^^^^^^^^^^^^^^^^^
  File "C:\Users\p3pio\AppData\Roaming\Python\Python311\site-packages\django\views\decorators\csrf.py", line 65, in _view_wrapper
    return view_func(request, *args, **kwargs)
           ^^^^^^^^^^^^^^^^^^^^^^^^^^^^^^^^^^^
  File "C:\Users\p3pio\AppData\Roaming\Python\Python311\site-packages\django\views\generic\base.py", line 104, in view
    return self.dispatch(request, *args, **kwargs)
           ^^^^^^^^^^^^^^^^^^^^^^^^^^^^^^^^^^^^^^^
  File "C:\Users\p3pio\AppData\Roaming\Python\Python311\site-packages\rest_framework\views.py", line 509, in dispatch
    response = self.handle_exception(exc)
               ^^^^^^^^^^^^^^^^^^^^^^^^^^
  File "C:\Users\p3pio\AppData\Roaming\Python\Python311\site-packages\rest_framework\views.py", line 469, in handle_exception
    self.raise_uncaught_exception(exc)
  File "C:\Users\p3pio\AppData\Roaming\Python\Python311\site-packages\rest_framework\views.py", line 480, in raise_uncaught_exception
    raise exc
  File "C:\Users\p3pio\AppData\Roaming\Python\Python311\site-packages\rest_framework\views.py", line 506, in dispatch
    response = handler(request, *args, **kwargs)
               ^^^^^^^^^^^^^^^^^^^^^^^^^^^^^^^^^
TypeError: CustomerBookingsViewSet.get() got an unexpected keyword argument 'pk'
"GET /customerBookings/20/ HTTP/1.1" 500 91077
"GET /customerBookings/4 HTTP/1.1" 301 0
Internal Server Error: /customerBookings/4/
Traceback (most recent call last):
  File "C:\Users\p3pio\AppData\Roaming\Python\Python311\site-packages\django\core\handlers\exception.py", line 55, in inner
    response = get_response(request)
               ^^^^^^^^^^^^^^^^^^^^^
  File "C:\Users\p3pio\AppData\Roaming\Python\Python311\site-packages\django\core\handlers\base.py", line 197, in _get_response
    response = wrapped_callback(request, *callback_args, **callback_kwargs)
               ^^^^^^^^^^^^^^^^^^^^^^^^^^^^^^^^^^^^^^^^^^^^^^^^^^^^^^^^^^^^
  File "C:\Users\p3pio\AppData\Roaming\Python\Python311\site-packages\django\views\decorators\csrf.py", line 65, in _view_wrapper
    return view_func(request, *args, **kwargs)
           ^^^^^^^^^^^^^^^^^^^^^^^^^^^^^^^^^^^
  File "C:\Users\p3pio\AppData\Roaming\Python\Python311\site-packages\django\views\generic\base.py", line 104, in view
    return self.dispatch(request, *args, **kwargs)
           ^^^^^^^^^^^^^^^^^^^^^^^^^^^^^^^^^^^^^^^
  File "C:\Users\p3pio\AppData\Roaming\Python\Python311\site-packages\rest_framework\views.py", line 509, in dispatch
    response = self.handle_exception(exc)
               ^^^^^^^^^^^^^^^^^^^^^^^^^^
  File "C:\Users\p3pio\AppData\Roaming\Python\Python311\site-packages\rest_framework\views.py", line 469, in handle_exception
    self.raise_uncaught_exception(exc)
  File "C:\Users\p3pio\AppData\Roaming\Python\Python311\site-packages\rest_framework\views.py", line 480, in raise_uncaught_exception
    raise exc
  File "C:\Users\p3pio\AppData\Roaming\Python\Python311\site-packages\rest_framework\views.py", line 506, in dispatch
    response = handler(request, *args, **kwargs)
               ^^^^^^^^^^^^^^^^^^^^^^^^^^^^^^^^^
TypeError: CustomerBookingsViewSet.get() got an unexpected keyword argument 'pk'
"GET /customerBookings/4/ HTTP/1.1" 500 91056
C:\Users\p3pio\PycharmProjects\latest\CodingDirections\travelAgencyApi\views.py changed, reloading.
Watching for file changes with StatReloader
C:\Users\p3pio\PycharmProjects\latest\CodingDirections\travelAgencyApi\views.py changed, reloading.
Watching for file changes with StatReloader
Internal Server Error: /customerBookings/4/
Traceback (most recent call last):
  File "C:\Users\p3pio\AppData\Roaming\Python\Python311\site-packages\django\core\handlers\exception.py", line 55, in inner
    response = get_response(request)
               ^^^^^^^^^^^^^^^^^^^^^
  File "C:\Users\p3pio\AppData\Roaming\Python\Python311\site-packages\django\core\handlers\base.py", line 197, in _get_response
    response = wrapped_callback(request, *callback_args, **callback_kwargs)
               ^^^^^^^^^^^^^^^^^^^^^^^^^^^^^^^^^^^^^^^^^^^^^^^^^^^^^^^^^^^^
  File "C:\Users\p3pio\AppData\Roaming\Python\Python311\site-packages\django\views\decorators\csrf.py", line 65, in _view_wrapper
    return view_func(request, *args, **kwargs)
           ^^^^^^^^^^^^^^^^^^^^^^^^^^^^^^^^^^^
  File "C:\Users\p3pio\AppData\Roaming\Python\Python311\site-packages\django\views\generic\base.py", line 104, in view
    return self.dispatch(request, *args, **kwargs)
           ^^^^^^^^^^^^^^^^^^^^^^^^^^^^^^^^^^^^^^^
  File "C:\Users\p3pio\AppData\Roaming\Python\Python311\site-packages\rest_framework\views.py", line 509, in dispatch
    response = self.handle_exception(exc)
               ^^^^^^^^^^^^^^^^^^^^^^^^^^
  File "C:\Users\p3pio\AppData\Roaming\Python\Python311\site-packages\rest_framework\views.py", line 469, in handle_exception
    self.raise_uncaught_exception(exc)
  File "C:\Users\p3pio\AppData\Roaming\Python\Python311\site-packages\rest_framework\views.py", line 480, in raise_uncaught_exception
    raise exc
  File "C:\Users\p3pio\AppData\Roaming\Python\Python311\site-packages\rest_framework\views.py", line 506, in dispatch
    response = handler(request, *args, **kwargs)
               ^^^^^^^^^^^^^^^^^^^^^^^^^^^^^^^^^
TypeError: CustomerBookingsViewSet.get() got an unexpected keyword argument 'pk'
"GET /customerBookings/4/ HTTP/1.1" 500 91193
C:\Users\p3pio\PycharmProjects\latest\CodingDirections\travelAgencyApi\views.py changed, reloading.
Watching for file changes with StatReloader
C:\Users\p3pio\PycharmProjects\latest\CodingDirections\travelAgencyApi\views.py changed, reloading.
Watching for file changes with StatReloader
C:\Users\p3pio\PycharmProjects\latest\CodingDirections\travelAgencyApi\views.py changed, reloading.
Watching for file changes with StatReloader
C:\Users\p3pio\PycharmProjects\latest\CodingDirections\travelAgencyApi\views.py changed, reloading.
Watching for file changes with StatReloader
C:\Users\p3pio\PycharmProjects\latest\CodingDirections\travelAgencyApi\views.py changed, reloading.
Watching for file changes with StatReloader
C:\Users\p3pio\PycharmProjects\latest\CodingDirections\travelAgencyApi\views.py changed, reloading.
Watching for file changes with StatReloader
C:\Users\p3pio\PycharmProjects\latest\CodingDirections\travelAgencyApi\views.py changed, reloading.
Watching for file changes with StatReloader
C:\Users\p3pio\PycharmProjects\latest\CodingDirections\travelAgencyApi\views.py changed, reloading.
Watching for file changes with StatReloader
C:\Users\p3pio\PycharmProjects\latest\CodingDirections\travelAgencyApi\views.py changed, reloading.
Watching for file changes with StatReloader
C:\Users\p3pio\PycharmProjects\latest\CodingDirections\travelAgencyApi\views.py changed, reloading.
Watching for file changes with StatReloader
C:\Users\p3pio\PycharmProjects\latest\CodingDirections\travelAgencyApi\views.py changed, reloading.
Watching for file changes with StatReloader
C:\Users\p3pio\PycharmProjects\latest\CodingDirections\travelAgencyApi\views.py changed, reloading.
Watching for file changes with StatReloader
C:\Users\p3pio\PycharmProjects\latest\CodingDirections\travelAgencyApi\views.py changed, reloading.
Watching for file changes with StatReloader
"GET /customerBookings/4/ HTTP/1.1" 200 15884
Bad Request: /customerBookings/4/
"PUT /customerBookings/4/ HTTP/1.1" 400 13606
C:\Users\p3pio\PycharmProjects\latest\CodingDirections\travelAgencyApi\views.py changed, reloading.
Watching for file changes with StatReloader
C:\Users\p3pio\PycharmProjects\latest\CodingDirections\travelAgencyApi\views.py changed, reloading.
Watching for file changes with StatReloader
"GET /customerBookings/4/ HTTP/1.1" 200 15884
Bad Request: /customerBookings/4/
"PUT /customerBookings/4/ HTTP/1.1" 400 13614
Bad Request: /customerBookings/4/
"PUT /customerBookings/4/ HTTP/1.1" 400 13527
C:\Users\p3pio\PycharmProjects\latest\CodingDirections\travelAgencyApi\views.py changed, reloading.
Watching for file changes with StatReloader
"GET /customerBookings/4/ HTTP/1.1" 200 15884
Internal Server Error: /customerBookings/4/
Traceback (most recent call last):
  File "C:\Users\p3pio\AppData\Roaming\Python\Python311\site-packages\django\core\handlers\exception.py", line 55, in inner
    response = get_response(request)
               ^^^^^^^^^^^^^^^^^^^^^
  File "C:\Users\p3pio\AppData\Roaming\Python\Python311\site-packages\django\core\handlers\base.py", line 197, in _get_response
    response = wrapped_callback(request, *callback_args, **callback_kwargs)
               ^^^^^^^^^^^^^^^^^^^^^^^^^^^^^^^^^^^^^^^^^^^^^^^^^^^^^^^^^^^^
  File "C:\Users\p3pio\AppData\Roaming\Python\Python311\site-packages\django\views\decorators\csrf.py", line 65, in _view_wrapper
    return view_func(request, *args, **kwargs)
           ^^^^^^^^^^^^^^^^^^^^^^^^^^^^^^^^^^^
  File "C:\Users\p3pio\AppData\Roaming\Python\Python311\site-packages\django\views\generic\base.py", line 104, in view
    return self.dispatch(request, *args, **kwargs)
           ^^^^^^^^^^^^^^^^^^^^^^^^^^^^^^^^^^^^^^^
  File "C:\Users\p3pio\AppData\Roaming\Python\Python311\site-packages\rest_framework\views.py", line 509, in dispatch
    response = self.handle_exception(exc)
               ^^^^^^^^^^^^^^^^^^^^^^^^^^
  File "C:\Users\p3pio\AppData\Roaming\Python\Python311\site-packages\rest_framework\views.py", line 469, in handle_exception
    self.raise_uncaught_exception(exc)
  File "C:\Users\p3pio\AppData\Roaming\Python\Python311\site-packages\rest_framework\views.py", line 480, in raise_uncaught_exception
    raise exc
  File "C:\Users\p3pio\AppData\Roaming\Python\Python311\site-packages\rest_framework\views.py", line 506, in dispatch
    response = handler(request, *args, **kwargs)
               ^^^^^^^^^^^^^^^^^^^^^^^^^^^^^^^^^
  File "C:\Users\p3pio\PycharmProjects\latest\CodingDirections\travelAgencyApi\views.py", line 156, in put
    booking = self.get_single_object(pk)
              ^^^^^^^^^^^^^^^^^^^^^^^^^^
TypeError: CustomerBookingsViewSet.get_single_object() missing 1 required positional argument: 'pk'
"PUT /customerBookings/4/ HTTP/1.1" 500 95607
C:\Users\p3pio\PycharmProjects\latest\CodingDirections\travelAgencyApi\views.py changed, reloading.
Watching for file changes with StatReloader
"GET /customerBookings/4/ HTTP/1.1" 200 15884
Internal Server Error: /customerBookings/4/
Traceback (most recent call last):
  File "C:\Users\p3pio\AppData\Roaming\Python\Python311\site-packages\django\core\handlers\exception.py", line 55, in inner
    response = get_response(request)
               ^^^^^^^^^^^^^^^^^^^^^
  File "C:\Users\p3pio\AppData\Roaming\Python\Python311\site-packages\django\core\handlers\base.py", line 197, in _get_response
    response = wrapped_callback(request, *callback_args, **callback_kwargs)
               ^^^^^^^^^^^^^^^^^^^^^^^^^^^^^^^^^^^^^^^^^^^^^^^^^^^^^^^^^^^^
  File "C:\Users\p3pio\AppData\Roaming\Python\Python311\site-packages\django\views\decorators\csrf.py", line 65, in _view_wrapper
    return view_func(request, *args, **kwargs)
           ^^^^^^^^^^^^^^^^^^^^^^^^^^^^^^^^^^^
  File "C:\Users\p3pio\AppData\Roaming\Python\Python311\site-packages\django\views\generic\base.py", line 104, in view
    return self.dispatch(request, *args, **kwargs)
           ^^^^^^^^^^^^^^^^^^^^^^^^^^^^^^^^^^^^^^^
  File "C:\Users\p3pio\AppData\Roaming\Python\Python311\site-packages\rest_framework\views.py", line 509, in dispatch
    response = self.handle_exception(exc)
               ^^^^^^^^^^^^^^^^^^^^^^^^^^
  File "C:\Users\p3pio\AppData\Roaming\Python\Python311\site-packages\rest_framework\views.py", line 469, in handle_exception
    self.raise_uncaught_exception(exc)
  File "C:\Users\p3pio\AppData\Roaming\Python\Python311\site-packages\rest_framework\views.py", line 480, in raise_uncaught_exception
    raise exc
  File "C:\Users\p3pio\AppData\Roaming\Python\Python311\site-packages\rest_framework\views.py", line 506, in dispatch
    response = handler(request, *args, **kwargs)
               ^^^^^^^^^^^^^^^^^^^^^^^^^^^^^^^^^
  File "C:\Users\p3pio\PycharmProjects\latest\CodingDirections\travelAgencyApi\views.py", line 156, in put
    booking = self.get(pk)
              ^^^^^^^^^^^^
  File "C:\Users\p3pio\PycharmProjects\latest\CodingDirections\travelAgencyApi\views.py", line 149, in get
    user_id = request.user.id
              ^^^^^^^^^^^^
AttributeError: 'int' object has no attribute 'user'
"PUT /customerBookings/4/ HTTP/1.1" 500 99530
C:\Users\p3pio\PycharmProjects\latest\CodingDirections\travelAgencyApi\views.py changed, reloading.
Watching for file changes with StatReloader
"GET /customerBookings/4/ HTTP/1.1" 200 15884
Internal Server Error: /customerBookings/4/
Traceback (most recent call last):
  File "C:\Users\p3pio\AppData\Roaming\Python\Python311\site-packages\django\core\handlers\exception.py", line 55, in inner
    response = get_response(request)
               ^^^^^^^^^^^^^^^^^^^^^
  File "C:\Users\p3pio\AppData\Roaming\Python\Python311\site-packages\django\core\handlers\base.py", line 197, in _get_response
    response = wrapped_callback(request, *callback_args, **callback_kwargs)
               ^^^^^^^^^^^^^^^^^^^^^^^^^^^^^^^^^^^^^^^^^^^^^^^^^^^^^^^^^^^^
  File "C:\Users\p3pio\AppData\Roaming\Python\Python311\site-packages\django\views\decorators\csrf.py", line 65, in _view_wrapper
    return view_func(request, *args, **kwargs)
           ^^^^^^^^^^^^^^^^^^^^^^^^^^^^^^^^^^^
  File "C:\Users\p3pio\AppData\Roaming\Python\Python311\site-packages\django\views\generic\base.py", line 104, in view
    return self.dispatch(request, *args, **kwargs)
           ^^^^^^^^^^^^^^^^^^^^^^^^^^^^^^^^^^^^^^^
  File "C:\Users\p3pio\AppData\Roaming\Python\Python311\site-packages\rest_framework\views.py", line 509, in dispatch
    response = self.handle_exception(exc)
               ^^^^^^^^^^^^^^^^^^^^^^^^^^
  File "C:\Users\p3pio\AppData\Roaming\Python\Python311\site-packages\rest_framework\views.py", line 469, in handle_exception
    self.raise_uncaught_exception(exc)
  File "C:\Users\p3pio\AppData\Roaming\Python\Python311\site-packages\rest_framework\views.py", line 480, in raise_uncaught_exception
    raise exc
  File "C:\Users\p3pio\AppData\Roaming\Python\Python311\site-packages\rest_framework\views.py", line 506, in dispatch
    response = handler(request, *args, **kwargs)
               ^^^^^^^^^^^^^^^^^^^^^^^^^^^^^^^^^
  File "C:\Users\p3pio\PycharmProjects\latest\CodingDirections\travelAgencyApi\views.py", line 159, in put
    serializer.save()
  File "C:\Users\p3pio\AppData\Roaming\Python\Python311\site-packages\rest_framework\serializers.py", line 207, in save
    self.instance = self.update(self.instance, validated_data)
                    ^^^^^^^^^^^^^^^^^^^^^^^^^^^^^^^^^^^^^^^^^^
  File "C:\Users\p3pio\AppData\Roaming\Python\Python311\site-packages\rest_framework\serializers.py", line 992, in update
    raise_errors_on_nested_writes('update', self, validated_data)
  File "C:\Users\p3pio\AppData\Roaming\Python\Python311\site-packages\rest_framework\serializers.py", line 813, in raise_errors_on_nested_writes
    assert not any(
AssertionError: The `.update()` method does not support writable nested fields by default.
Write an explicit `.update()` method for serializer `travelAgencyApi.serializers.BookingDetailsSerializer`, or set `read_only=True` on nested serializer fields.
"PUT /customerBookings/4/ HTTP/1.1" 500 136017
"GET /customerBookings/4/ HTTP/1.1" 200 15884
C:\Users\p3pio\PycharmProjects\latest\CodingDirections\travelAgencyApi\serializers.py changed, reloading.
Watching for file changes with StatReloader
"PUT /customerBookings/4/ HTTP/1.1" 200 15882
Method Not Allowed: /create-booking/
"GET /create-booking/ HTTP/1.1" 405 10854
Method Not Allowed: /create-booking/
"GET /create-booking/ HTTP/1.1" 405 10854
"POST /create-booking/ HTTP/1.1" 201 12457
"GET /customerBookings/4/ HTTP/1.1" 200 15882
"GET / HTTP/1.1" 200 11097
C:\Users\p3pio\PycharmProjects\latest\CodingDirections\travelAgencyApi\serializers.py changed, reloading.
Watching for file changes with StatReloader
C:\Users\p3pio\PycharmProjects\latest\CodingDirections\travelAgencyApi\views.py changed, reloading.
Watching for file changes with StatReloader
C:\Users\p3pio\PycharmProjects\latest\CodingDirections\travelAgencyApi\views.py changed, reloading.
Watching for file changes with StatReloader
C:\Users\p3pio\PycharmProjects\latest\CodingDirections\travelAgencyApi\views.py changed, reloading.
Watching for file changes with StatReloader
C:\Users\p3pio\PycharmProjects\latest\CodingDirections\travelAgencyApi\views.py changed, reloading.
Watching for file changes with StatReloader
C:\Users\p3pio\PycharmProjects\latest\CodingDirections\travelAgencyApi\models.py changed, reloading.
Watching for file changes with StatReloader
C:\Users\p3pio\PycharmProjects\latest\CodingDirections\travelAgencyApi\models.py changed, reloading.
Watching for file changes with StatReloader
C:\Users\p3pio\PycharmProjects\latest\CodingDirections\travelAgencyApi\apps.py changed, reloading.
Watching for file changes with StatReloader
C:\Users\p3pio\PycharmProjects\latest\CodingDirections\travelAgencyApi\apps.py changed, reloading.
Watching for file changes with StatReloader
C:\Users\p3pio\PycharmProjects\latest\CodingDirections\travelAgencyApi\views.py changed, reloading.
Watching for file changes with StatReloader
C:\Users\p3pio\PycharmProjects\latest\CodingDirections\travelAgencyApi\views.py changed, reloading.
Watching for file changes with StatReloader
C:\Users\p3pio\PycharmProjects\latest\CodingDirections\travelAgencyApi\views.py changed, reloading.
Watching for file changes with StatReloader
C:\Users\p3pio\PycharmProjects\latest\CodingDirections\travelAgencyApi\views.py changed, reloading.
Watching for file changes with StatReloader
C:\Users\p3pio\PycharmProjects\latest\CodingDirections\travelAgencyApi\views.py changed, reloading.
Watching for file changes with StatReloader
C:\Users\p3pio\PycharmProjects\latest\CodingDirections\travelAgencyApi\views.py changed, reloading.
Watching for file changes with StatReloader
C:\Users\p3pio\PycharmProjects\latest\CodingDirections\travelAgencyApi\views.py changed, reloading.
Watching for file changes with StatReloader
C:\Users\p3pio\PycharmProjects\latest\CodingDirections\travelAgencyApi\views.py changed, reloading.
Watching for file changes with StatReloader
C:\Users\p3pio\PycharmProjects\latest\CodingDirections\travelAgencyApi\views.py changed, reloading.
Watching for file changes with StatReloader
C:\Users\p3pio\PycharmProjects\latest\CodingDirections\travelAgencyApi\views.py changed, reloading.
Watching for file changes with StatReloader
C:\Users\p3pio\PycharmProjects\latest\CodingDirections\travelAgencyApi\views.py changed, reloading.
Watching for file changes with StatReloader
C:\Users\p3pio\PycharmProjects\latest\CodingDirections\travelAgencyApi\views.py changed, reloading.
Watching for file changes with StatReloader
C:\Users\p3pio\PycharmProjects\latest\CodingDirections\travelAgencyApi\views.py changed, reloading.
Watching for file changes with StatReloader
C:\Users\p3pio\PycharmProjects\latest\CodingDirections\travelAgencyApi\views.py changed, reloading.
Watching for file changes with StatReloader
C:\Users\p3pio\PycharmProjects\latest\CodingDirections\travelAgencyApi\views.py changed, reloading.
Watching for file changes with StatReloader
C:\Users\p3pio\PycharmProjects\latest\CodingDirections\travelAgencyApi\apps.py changed, reloading.
Watching for file changes with StatReloader
Watching for file changes with StatReloader
"GET / HTTP/1.1" 200 11097
"GET /admin HTTP/1.1" 301 0
"GET /admin/ HTTP/1.1" 200 12292
"GET /static/admin/css/dark_mode.css HTTP/1.1" 304 0
"GET /static/admin/css/base.css HTTP/1.1" 304 0
"GET /static/admin/css/dashboard.css HTTP/1.1" 304 0
"GET /static/admin/css/nav_sidebar.css HTTP/1.1" 304 0
"GET /static/admin/js/nav_sidebar.js HTTP/1.1" 304 0
"GET /static/admin/css/responsive.css HTTP/1.1" 304 0
"GET /static/admin/js/theme.js HTTP/1.1" 304 0
"GET /static/admin/img/icon-addlink.svg HTTP/1.1" 304 0
"GET /static/admin/img/icon-deletelink.svg HTTP/1.1" 304 0
"GET /static/admin/img/icon-changelink.svg HTTP/1.1" 304 0
"GET /admin/travelAgencyApi/notification/ HTTP/1.1" 200 9518
"GET /static/admin/css/changelists.css HTTP/1.1" 304 0
"GET /static/admin/js/core.js HTTP/1.1" 304 0
"GET /static/admin/js/actions.js HTTP/1.1" 304 0
"GET /static/admin/js/jquery.init.js HTTP/1.1" 304 0
"GET /static/admin/js/urlify.js HTTP/1.1" 304 0
"GET /static/admin/js/admin/RelatedObjectLookups.js HTTP/1.1" 304 0
"GET /static/admin/js/vendor/jquery/jquery.js HTTP/1.1" 304 0
"GET /static/admin/js/vendor/xregexp/xregexp.js HTTP/1.1" 304 0
"GET /static/admin/js/prepopulate.js HTTP/1.1" 304 0
"GET /static/admin/js/filters.js HTTP/1.1" 304 0
"GET /admin/jsi18n/ HTTP/1.1" 200 3342
"GET /static/admin/img/tooltag-add.svg HTTP/1.1" 304 0
"GET /admin/travelAgencyApi/notification/add/ HTTP/1.1" 200 11975
"GET /static/admin/js/prepopulate_init.js HTTP/1.1" 304 0
"GET /static/admin/css/forms.css HTTP/1.1" 304 0
"GET /admin/jsi18n/ HTTP/1.1" 200 3342
"GET /static/admin/img/icon-viewlink.svg HTTP/1.1" 304 0
"GET /static/admin/js/change_form.js HTTP/1.1" 304 0
"GET /static/admin/css/widgets.css HTTP/1.1" 304 0
"POST /admin/travelAgencyApi/notification/add/ HTTP/1.1" 302 0
"GET /admin/travelAgencyApi/notification/ HTTP/1.1" 200 11075
"GET /admin/jsi18n/ HTTP/1.1" 200 3342
"GET /static/admin/img/icon-yes.svg HTTP/1.1" 304 0
C:\Users\p3pio\PycharmProjects\latest\CodingDirections\travelAgencyApi\views.py changed, reloading.
Watching for file changes with StatReloader
Watching for file changes with StatReloader
"GET /admin/travelAgencyApi/notification/add/ HTTP/1.1" 200 11975
"GET /admin/jsi18n/ HTTP/1.1" 200 3342
"GET /admin/travelAgencyApi/notification/ HTTP/1.1" 200 10839
"GET /admin/jsi18n/ HTTP/1.1" 200 3342
"GET /admin/travelAgencyApi/activity/ HTTP/1.1" 200 11054
"GET /admin/jsi18n/ HTTP/1.1" 200 3342
Watching for file changes with StatReloader
"GET / HTTP/1.1" 200 11097
"GET /static/rest_framework/css/bootstrap-tweaks.css HTTP/1.1" 200 3385
"GET /static/rest_framework/js/csrf.js HTTP/1.1" 200 1719
"GET /static/rest_framework/css/bootstrap.min.css HTTP/1.1" 200 121457
"GET /static/rest_framework/js/bootstrap.min.js HTTP/1.1" 200 39680
"GET /static/rest_framework/js/default.js HTTP/1.1" 200 1268
"GET /static/rest_framework/js/prettify-min.js HTTP/1.1" 200 13632
"GET /static/rest_framework/css/prettify.css HTTP/1.1" 200 817
"GET /static/rest_framework/css/default.css HTTP/1.1" 200 1152
"GET /static/rest_framework/js/ajax-form.js HTTP/1.1" 200 3597
"GET /static/rest_framework/img/grid.png HTTP/1.1" 200 1458
"GET /static/rest_framework/js/jquery-3.5.1.min.js HTTP/1.1" 200 89476
Not Found: /favicon.ico
"GET /favicon.ico HTTP/1.1" 404 8245
"GET /booking-details/ HTTP/1.1" 200 29646
"GET /booking-details/4/ HTTP/1.1" 200 20854
"GET /customerBookings/ HTTP/1.1" 200 28240
Not Found: /customerBookings/
"PUT /customerBookings/ HTTP/1.1" 404 13351
"GET /create-booking HTTP/1.1" 301 0
Method Not Allowed: /create-booking/
"GET /create-booking/ HTTP/1.1" 405 10854
Method Not Allowed: /create-booking/
"GET /create-booking/ HTTP/1.1" 405 10854
"POST /create-booking/ HTTP/1.1" 201 13217
"OPTIONS /travel-packages/ HTTP/1.1" 200 0
"GET /travel-packages/ HTTP/1.1" 200 2415
"OPTIONS /travel-packages/4/ HTTP/1.1" 200 0
"OPTIONS /travel-packages/4/ HTTP/1.1" 200 0
"GET /travel-packages/4/ HTTP/1.1" 200 746
"GET /travel-packages/4/ HTTP/1.1" 200 746
"OPTIONS /flights/ HTTP/1.1" 200 0
"OPTIONS /flights/2/ HTTP/1.1" 200 0
"GET /flights/ HTTP/1.1" 200 354
"GET /flights/2/ HTTP/1.1" 200 173
"GET /travel-packages/4/ HTTP/1.1" 200 746
"GET /travel-packages/4/ HTTP/1.1" 200 746
"OPTIONS /hotels/ HTTP/1.1" 200 0
"GET /hotels/ HTTP/1.1" 200 342
"OPTIONS /hotels/1/ HTTP/1.1" 200 0
"GET /hotels/1/ HTTP/1.1" 200 175
"GET /travel-packages/4/ HTTP/1.1" 200 746
"GET /travel-packages/4/ HTTP/1.1" 200 746
"OPTIONS /hotels/2/ HTTP/1.1" 200 0
"GET /hotels/ HTTP/1.1" 200 342
"GET /hotels/2/ HTTP/1.1" 200 164
"GET /travel-packages/4/ HTTP/1.1" 200 746
"GET /travel-packages/4/ HTTP/1.1" 200 746
"GET /current-user-info/ HTTP/1.1" 200 28
"GET /travel-packages/4/ HTTP/1.1" 200 746
"GET /travel-packages/ HTTP/1.1" 200 2415
"OPTIONS /travel-packages/1/ HTTP/1.1" 200 0
"GET /travel-packages/1/ HTTP/1.1" 200 747
"GET /travel-packages/1/ HTTP/1.1" 200 747
"GET /travel-packages/ HTTP/1.1" 200 2415
"OPTIONS /travel-packages/2/ HTTP/1.1" 200 0
"GET /travel-packages/2/ HTTP/1.1" 200 431
"GET /travel-packages/2/ HTTP/1.1" 200 431
"GET /travel-packages/ HTTP/1.1" 200 2415
"OPTIONS /travel-packages/3/ HTTP/1.1" 200 0
"GET /travel-packages/3/ HTTP/1.1" 200 486
"GET /travel-packages/3/ HTTP/1.1" 200 486
"GET /current-user-info/ HTTP/1.1" 200 31
Watching for file changes with StatReloader
"GET / HTTP/1.1" 200 11097
"GET /customerBookings/ HTTP/1.1" 200 30924
Not Found: /customerBookings/
"PUT /customerBookings/ HTTP/1.1" 404 13351
"GET /customerBookings/4/ HTTP/1.1" 200 15882
"PUT /customerBookings/4/ HTTP/1.1" 200 15881
"GET / HTTP/1.1" 200 11097
"GET /booking-agent/ HTTP/1.1" 200 14370
Watching for file changes with StatReloader
"OPTIONS /travel-packages/ HTTP/1.1" 200 0
"GET /travel-packages/ HTTP/1.1" 200 2415
"OPTIONS /travel-packages/4/ HTTP/1.1" 200 0
"GET /travel-packages/4/ HTTP/1.1" 200 746
"GET /travel-packages/4/ HTTP/1.1" 200 746
"OPTIONS /flights/ HTTP/1.1" 200 0
"GET /flights/ HTTP/1.1" 200 354
"OPTIONS /flights/2/ HTTP/1.1" 200 0
"GET /flights/2/ HTTP/1.1" 200 173
"GET /travel-packages/4/ HTTP/1.1" 200 746
"GET /travel-packages/4/ HTTP/1.1" 200 746
"OPTIONS /hotels/ HTTP/1.1" 200 0
"GET /hotels/ HTTP/1.1" 200 342
"OPTIONS /hotels/1/ HTTP/1.1" 200 0
"GET /hotels/1/ HTTP/1.1" 200 175
"GET /travel-packages/4/ HTTP/1.1" 200 746
"GET /travel-packages/4/ HTTP/1.1" 200 746
"GET /travel-packages/4/ HTTP/1.1" 200 746
"GET /current-user-info/ HTTP/1.1" 200 28
"GET /travel-packages/ HTTP/1.1" 200 2415
"GET / HTTP/1.1" 200 11097
"GET /booking-details/ HTTP/1.1" 200 32329
"GET /travel-packages/ HTTP/1.1" 200 2415
Watching for file changes with StatReloader
"GET / HTTP/1.1" 200 10868
"GET /static/rest_framework/css/bootstrap.min.css HTTP/1.1" 304 0
"GET /static/rest_framework/css/bootstrap-tweaks.css HTTP/1.1" 304 0
"GET /static/rest_framework/css/prettify.css HTTP/1.1" 304 0
"GET /static/rest_framework/css/default.css HTTP/1.1" 304 0
"GET /static/rest_framework/js/ajax-form.js HTTP/1.1" 200 3597
"GET /static/rest_framework/img/grid.png HTTP/1.1" 200 1458
"GET /static/rest_framework/js/jquery-3.5.1.min.js HTTP/1.1" 200 89476
"GET /static/rest_framework/js/csrf.js HTTP/1.1" 200 1719
"GET /static/rest_framework/js/default.js HTTP/1.1" 200 1268
"GET /static/rest_framework/js/prettify-min.js HTTP/1.1" 200 13632
"GET /static/rest_framework/js/bootstrap.min.js HTTP/1.1" 200 39680
Not Found: /favicon.ico
"GET /favicon.ico HTTP/1.1" 404 8245
"OPTIONS /travel-packages/ HTTP/1.1" 200 0
"GET /travel-packages/ HTTP/1.1" 200 2415
"OPTIONS /travel-packages/4/ HTTP/1.1" 200 0
"GET /travel-packages/4/ HTTP/1.1" 200 746
"GET /travel-packages/4/ HTTP/1.1" 200 746
"GET /travel-packages/ HTTP/1.1" 200 2415
"GET /travel-packages/ HTTP/1.1" 200 2415
"OPTIONS /travel-packages/3/ HTTP/1.1" 200 0
"OPTIONS /travel-packages/3/ HTTP/1.1" 200 0
"GET /travel-packages/3/ HTTP/1.1" 200 486
"GET /travel-packages/3/ HTTP/1.1" 200 486
"OPTIONS /flights/ HTTP/1.1" 200 0
"OPTIONS /flights/2/ HTTP/1.1" 200 0
"GET /flights/ HTTP/1.1" 200 354
"GET /flights/2/ HTTP/1.1" 200 173
"GET /travel-packages/3/ HTTP/1.1" 200 486
"GET /travel-packages/3/ HTTP/1.1" 200 486
"GET /travel-packages/ HTTP/1.1" 200 2415
"OPTIONS /travel-packages/1/ HTTP/1.1" 200 0
"GET /travel-packages/1/ HTTP/1.1" 200 747
"GET /travel-packages/1/ HTTP/1.1" 200 747
"GET /travel-packages/ HTTP/1.1" 200 2415
"GET /travel-packages/ HTTP/1.1" 200 2415
Method Not Allowed: /create-booking/
"GET /create-booking/ HTTP/1.1" 405 10625
Not Found: /create-user-info
"GET /create-user-info HTTP/1.1" 404 8260
Method Not Allowed: /create-booking/
"GET /create-booking/ HTTP/1.1" 405 10625
Not Found: /current_user_info
"GET /current_user_info HTTP/1.1" 404 8263
"GET /current-user-info HTTP/1.1" 301 0
"GET /current-user-info/ HTTP/1.1" 200 28
"GET /api-auth/login/?next=/ HTTP/1.1" 200 2701
"POST /api-auth/login/ HTTP/1.1" 302 0
"GET / HTTP/1.1" 200 11097
Method Not Allowed: /create-booking/
"GET /create-booking/ HTTP/1.1" 405 10854
"GET /current-user-info/ HTTP/1.1" 200 31
"GET /travel-packages/ HTTP/1.1" 200 2415
"GET /travel-packages/1/ HTTP/1.1" 200 747
"GET /travel-packages/1/ HTTP/1.1" 200 747
"GET /current-user-info/ HTTP/1.1" 200 28
"GET /travel-packages/1/ HTTP/1.1" 200 747
"OPTIONS /create-booking/ HTTP/1.1" 200 0
Bad Request: /create-booking/
"POST /create-booking/ HTTP/1.1" 400 24
Bad Request: /create-booking/
"POST /create-booking/ HTTP/1.1" 400 24
Bad Request: /create-booking/
"POST /create-booking/ HTTP/1.1" 400 24
Bad Request: /create-booking/
"POST /create-booking/ HTTP/1.1" 400 24
"GET /travel-packages/1/ HTTP/1.1" 200 747
"GET /travel-packages/1/ HTTP/1.1" 200 747
"GET /travel-packages/ HTTP/1.1" 200 2415
Watching for file changes with StatReloader
"GET / HTTP/1.1" 200 10815
"GET /flights/ HTTP/1.1" 200 14753
"GET / HTTP/1.1" 200 10815
"GET /booking-agent/ HTTP/1.1" 200 13684
Not Found: /admin
"GET /admin HTTP/1.1" 404 7868
C:\Users\p3pio\PycharmProjects\latest\CodingDirections\CodingDirections\urls.py changed, reloading.
Watching for file changes with StatReloader
C:\Users\p3pio\PycharmProjects\latest\CodingDirections\CodingDirections\settings.py changed, reloading.
Watching for file changes with StatReloader
"GET / HTTP/1.1" 200 10868
"GET /admin HTTP/1.1" 301 0
"GET /admin/ HTTP/1.1" 302 0
"GET /admin/login/?next=/admin/ HTTP/1.1" 200 4158
"GET /static/admin/css/base.css HTTP/1.1" 200 21544
"GET /static/admin/js/nav_sidebar.js HTTP/1.1" 200 3063
"GET /static/admin/css/dark_mode.css HTTP/1.1" 200 2682
"GET /static/admin/css/responsive.css HTTP/1.1" 200 17905
"GET /static/admin/css/login.css HTTP/1.1" 200 958
"GET /static/admin/css/nav_sidebar.css HTTP/1.1" 200 2810
"GET /static/admin/js/theme.js HTTP/1.1" 200 1943
"POST /admin/login/?next=/admin/ HTTP/1.1" 200 4320
Watching for file changes with StatReloader
"GET / HTTP/1.1" 200 10868
"GET /api-auth/login/?next=/ HTTP/1.1" 200 2701
"POST /api-auth/login/ HTTP/1.1" 200 2939
"POST /api-auth/login/ HTTP/1.1" 200 2939
"GET /api-auth/login/?next=/ HTTP/1.1" 200 2701
"GET /admin/ HTTP/1.1" 302 0
"GET /admin/login/?next=/admin/ HTTP/1.1" 200 4158
"POST /admin/login/?next=/admin/ HTTP/1.1" 200 4319
Watching for file changes with StatReloader
"GET / HTTP/1.1" 200 10868
"GET /api-auth/login/?next=/ HTTP/1.1" 200 2701
"POST /api-auth/login/ HTTP/1.1" 200 2939
"POST /api-auth/login/ HTTP/1.1" 200 2939
"POST /api-auth/login/ HTTP/1.1" 200 2939
"GET /admin/ HTTP/1.1" 302 0
"GET /admin/login/?next=/admin/ HTTP/1.1" 200 4158
"GET /static/admin/css/base.css HTTP/1.1" 304 0
"GET /static/admin/css/dark_mode.css HTTP/1.1" 304 0
"GET /static/admin/css/nav_sidebar.css HTTP/1.1" 304 0
"GET /static/admin/css/login.css HTTP/1.1" 304 0
"GET /static/admin/js/theme.js HTTP/1.1" 304 0
"GET /static/admin/css/responsive.css HTTP/1.1" 304 0
"GET /static/admin/js/nav_sidebar.js HTTP/1.1" 304 0
"GET /admin/travelAgencyApi/bookingdetails/ HTTP/1.1" 302 0
"GET /admin/login/?next=/admin/travelAgencyApi/bookingdetails/ HTTP/1.1" 200 4220
"POST /admin/login/?next=/admin/travelAgencyApi/bookingdetails/ HTTP/1.1" 200 4381
"POST /admin/login/?next=/admin/travelAgencyApi/bookingdetails/ HTTP/1.1" 200 4381
"POST /admin/login/?next=/admin/travelAgencyApi/bookingdetails/ HTTP/1.1" 200 4381
"POST /admin/login/?next=/admin/travelAgencyApi/bookingdetails/ HTTP/1.1" 200 4382
C:\Users\p3pio\PycharmProjects\latest\CodingDirections\authenticationBackend\models.py changed, reloading.
Watching for file changes with StatReloader
C:\Users\p3pio\PycharmProjects\latest\CodingDirections\authenticationBackend\models.py changed, reloading.
Watching for file changes with StatReloader
"GET / HTTP/1.1" 200 10868
"GET /admin/ HTTP/1.1" 302 0
"GET /admin/login/?next=/admin/ HTTP/1.1" 200 4155
"POST /admin/login/?next=/admin/ HTTP/1.1" 200 4313
C:\Users\p3pio\PycharmProjects\latest\CodingDirections\authenticationBackend\models.py changed, reloading.
Watching for file changes with StatReloader
C:\Users\p3pio\PycharmProjects\latest\CodingDirections\authenticationBackend\models.py changed, reloading.
Watching for file changes with StatReloader
C:\Users\p3pio\PycharmProjects\latest\CodingDirections\authenticationBackend\models.py changed, reloading.
Watching for file changes with StatReloader
Watching for file changes with StatReloader
"GET / HTTP/1.1" 200 10868
"GET /api-auth/login/?next=/ HTTP/1.1" 200 2698
"POST /api-auth/login/ HTTP/1.1" 302 0
"GET / HTTP/1.1" 200 11106
"GET /admin/ HTTP/1.1" 200 9418
"GET /static/admin/css/dark_mode.css HTTP/1.1" 304 0
"GET /static/admin/css/base.css HTTP/1.1" 304 0
"GET /static/admin/css/nav_sidebar.css HTTP/1.1" 304 0
"GET /static/admin/css/responsive.css HTTP/1.1" 304 0
"GET /static/admin/js/theme.js HTTP/1.1" 304 0
"GET /static/admin/js/nav_sidebar.js HTTP/1.1" 304 0
"GET /static/admin/css/dashboard.css HTTP/1.1" 200 441
"GET /static/admin/img/icon-changelink.svg HTTP/1.1" 200 380
"GET /static/admin/img/icon-addlink.svg HTTP/1.1" 200 331
"GET /admin/authenticationBackend/user/ HTTP/1.1" 200 13654
"GET /static/admin/css/changelists.css HTTP/1.1" 200 6811
"GET /static/admin/js/jquery.init.js HTTP/1.1" 200 347
"GET /admin/jsi18n/ HTTP/1.1" 200 3342
"GET /static/admin/js/core.js HTTP/1.1" 200 6208
"GET /static/admin/js/actions.js HTTP/1.1" 200 8067
"GET /static/admin/js/admin/RelatedObjectLookups.js HTTP/1.1" 200 9042
"GET /static/admin/js/prepopulate.js HTTP/1.1" 200 1531
"GET /static/admin/js/urlify.js HTTP/1.1" 200 7887
"GET /static/admin/img/search.svg HTTP/1.1" 200 458
"GET /static/admin/js/vendor/jquery/jquery.js HTTP/1.1" 200 285314
"GET /static/admin/js/filters.js HTTP/1.1" 200 978
"GET /static/admin/js/vendor/xregexp/xregexp.js HTTP/1.1" 200 325171
"GET /static/admin/img/tooltag-add.svg HTTP/1.1" 200 331
"GET /static/admin/img/sorting-icons.svg HTTP/1.1" 200 1097
"GET /static/admin/img/icon-viewlink.svg HTTP/1.1" 200 581
"GET /admin/authenticationBackend/user/3/change/ HTTP/1.1" 200 16962
"GET /admin/jsi18n/ HTTP/1.1" 200 3342
"GET /static/admin/css/forms.css HTTP/1.1" 200 9090
"GET /static/admin/js/prepopulate_init.js HTTP/1.1" 200 586
"GET /static/admin/js/calendar.js HTTP/1.1" 200 9141
"GET /static/admin/js/admin/DateTimeShortcuts.js HTTP/1.1" 200 19319
"GET /static/admin/css/widgets.css HTTP/1.1" 200 11800
"GET /static/admin/js/change_form.js HTTP/1.1" 200 606
"GET /static/admin/img/icon-clock.svg HTTP/1.1" 200 677
"GET /static/admin/img/icon-calendar.svg HTTP/1.1" 200 1086
"POST /admin/authenticationBackend/user/3/change/ HTTP/1.1" 302 0
"GET /admin/authenticationBackend/user/add/ HTTP/1.1" 200 13646
"GET /admin/jsi18n/ HTTP/1.1" 200 3342
"GET /static/admin/img/icon-yes.svg HTTP/1.1" 200 436
"POST /admin/authenticationBackend/user/add/ HTTP/1.1" 200 13687
"GET /admin/jsi18n/ HTTP/1.1" 200 3342
"POST /admin/authenticationBackend/user/add/ HTTP/1.1" 200 13671
"GET /admin/jsi18n/ HTTP/1.1" 200 3342
"GET /admin/authenticationBackend/user/add/ HTTP/1.1" 200 13394
"GET /admin/authenticationBackend/user/3/change/ HTTP/1.1" 200 16990
"GET /admin/authenticationBackend/user/ HTTP/1.1" 200 13664
"GET /admin/jsi18n/ HTTP/1.1" 200 3342
"GET /admin/authenticationBackend/user/add/ HTTP/1.1" 200 13394
"GET /admin/jsi18n/ HTTP/1.1" 200 3342
"GET /admin/authenticationBackend/user/ HTTP/1.1" 200 13664
Watching for file changes with StatReloader
"GET /admin/authenticationBackend/user/ HTTP/1.1" 200 14144
"GET /admin/jsi18n/ HTTP/1.1" 200 3342
"GET / HTTP/1.1" 200 11106
"GET /admin/ HTTP/1.1" 200 9820
"GET /admin/authenticationBackend/user/ HTTP/1.1" 200 14144
"GET /admin/jsi18n/ HTTP/1.1" 200 3342
